02:47:54 Step    1 | loss=-0.1683 | avg_loss=-0.1683 | tokens=2408 | queue=0
02:53:04 Step    2 | loss=-0.1422 | avg_loss=-0.1553 | tokens=2408 | queue=0
02:58:14 Step    3 | loss=-0.1870 | avg_loss=-0.1658 | tokens=3010 | queue=0
03:03:25 Step    4 | loss=-0.3880 | avg_loss=-0.2214 | tokens=1887 | queue=0
03:08:36 Step    5 | loss=-0.1678 | avg_loss=-0.2107 | tokens=3018 | queue=0
03:13:48 Step    6 | loss=-0.2955 | avg_loss=-0.2248 | tokens=2458 | queue=0
03:18:59 Step    7 | loss=-0.1584 | avg_loss=-0.2153 | tokens=3010 | queue=0
03:24:11 Step    8 | loss=-0.1459 | avg_loss=-0.2066 | tokens=2408 | queue=0
03:29:22 Step    9 | loss=-0.2061 | avg_loss=-0.2066 | tokens=2596 | queue=0
03:34:31 Step   10 | loss=-0.2144 | avg_loss=-0.2074 | tokens=2279 | queue=0
03:39:44 Step   11 | loss=-0.1587 | avg_loss=-0.2029 | tokens=2433 | queue=0
03:44:53 Step   12 | loss=-0.1933 | avg_loss=-0.2021 | tokens=2441 | queue=0
03:50:04 Step   13 | loss=-0.2212 | avg_loss=-0.2036 | tokens=2431 | queue=0
03:55:14 Step   14 | loss=-0.2146 | avg_loss=-0.2044 | tokens=2424 | queue=0
04:00:26 Step   15 | loss=-0.2684 | avg_loss=-0.2086 | tokens=2463 | queue=0
04:05:34 Step   16 | loss=-0.1521 | avg_loss=-0.2051 | tokens=2349 | queue=1
04:10:46 Step   17 | loss=-0.1238 | avg_loss=-0.2003 | tokens=3010 | queue=0
04:15:54 Step   18 | loss=-0.2050 | avg_loss=-0.2006 | tokens=2429 | queue=0
04:21:02 Step   19 | loss=0.0132 | avg_loss=-0.1893 | tokens=2021 | queue=0
04:26:08 Step   20 | loss=-0.2843 | avg_loss=-0.1941 | tokens=1833 | queue=0
04:31:18 Step   21 | loss=-0.2385 | avg_loss=-0.1962 | tokens=2500 | queue=0
04:36:29 Step   22 | loss=-0.2010 | avg_loss=-0.1964 | tokens=2407 | queue=0
04:41:41 Step   23 | loss=-0.0933 | avg_loss=-0.1919 | tokens=3010 | queue=0
04:46:52 Step   24 | loss=-0.0505 | avg_loss=-0.1860 | tokens=2408 | queue=1
04:52:01 Step   25 | loss=-0.1732 | avg_loss=-0.1855 | tokens=2593 | queue=0
04:57:13 Step   26 | loss=-0.1686 | avg_loss=-0.1849 | tokens=2443 | queue=0
05:02:21 Step   27 | loss=-0.1388 | avg_loss=-0.1832 | tokens=2408 | queue=0
05:07:31 Step   28 | loss=-0.1798 | avg_loss=-0.1831 | tokens=3016 | queue=0
05:12:43 Step   29 | loss=-0.2797 | avg_loss=-0.1864 | tokens=2296 | queue=0
05:17:55 Step   30 | loss=-0.2809 | avg_loss=-0.1895 | tokens=2434 | queue=0
05:23:08 Step   31 | loss=-0.1979 | avg_loss=-0.1898 | tokens=2427 | queue=0
05:28:19 Step   32 | loss=-0.2330 | avg_loss=-0.1912 | tokens=2590 | queue=0
05:33:26 Step   33 | loss=-0.1378 | avg_loss=-0.1895 | tokens=2408 | queue=0
05:38:38 Step   34 | loss=-0.2223 | avg_loss=-0.1905 | tokens=2975 | queue=0
05:43:48 Step   35 | loss=-0.3768 | avg_loss=-0.1958 | tokens=1870 | queue=1
05:49:00 Step   36 | loss=-0.2563 | avg_loss=-0.1975 | tokens=2464 | queue=1
05:54:09 Step   37 | loss=-0.2806 | avg_loss=-0.1997 | tokens=2410 | queue=0
05:59:20 Step   38 | loss=-0.1476 | avg_loss=-0.1984 | tokens=2423 | queue=0
06:04:33 Step   39 | loss=-0.2739 | avg_loss=-0.2003 | tokens=2434 | queue=1
06:09:44 Step   40 | loss=-0.1515 | avg_loss=-0.1991 | tokens=3002 | queue=0
06:14:56 Step   41 | loss=-0.1330 | avg_loss=-0.1975 | tokens=2408 | queue=0
06:20:04 Step   42 | loss=-0.0737 | avg_loss=-0.1945 | tokens=2353 | queue=0
06:25:14 Step   43 | loss=-0.3581 | avg_loss=-0.1983 | tokens=2206 | queue=0
06:30:22 Step   44 | loss=-0.4390 | avg_loss=-0.2038 | tokens=1830 | queue=1
06:35:36 Step   45 | loss=-0.2848 | avg_loss=-0.2056 | tokens=2444 | queue=0
06:40:45 Step   46 | loss=-0.2363 | avg_loss=-0.2063 | tokens=2312 | queue=0
06:45:54 Step   47 | loss=-0.2283 | avg_loss=-0.2067 | tokens=2439 | queue=0
06:51:04 Step   48 | loss=-0.2103 | avg_loss=-0.2068 | tokens=2494 | queue=0
06:56:15 Step   49 | loss=-0.2114 | avg_loss=-0.2069 | tokens=2404 | queue=0
07:01:28 Step   50 | loss=-0.3394 | avg_loss=-0.2096 | tokens=2424 | queue=0
07:06:39 Step   51 | loss=-0.1956 | avg_loss=-0.2093 | tokens=2410 | queue=1
07:11:48 Step   52 | loss=-0.3045 | avg_loss=-0.2111 | tokens=1847 | queue=0
07:16:58 Step   53 | loss=-0.1619 | avg_loss=-0.2102 | tokens=2408 | queue=0
07:22:10 Step   54 | loss=-0.2527 | avg_loss=-0.2110 | tokens=2504 | queue=0
07:27:17 Step   55 | loss=-0.2828 | avg_loss=-0.2123 | tokens=2408 | queue=0
07:32:31 Step   56 | loss=-0.3197 | avg_loss=-0.2142 | tokens=3055 | queue=0
07:37:41 Step   57 | loss=-0.1386 | avg_loss=-0.2129 | tokens=2410 | queue=0
07:42:51 Step   58 | loss=-0.2184 | avg_loss=-0.2130 | tokens=2410 | queue=0
07:48:02 Step   59 | loss=-0.2095 | avg_loss=-0.2129 | tokens=3020 | queue=0
07:53:09 Step   60 | loss=-0.2291 | avg_loss=-0.2132 | tokens=1955 | queue=0
07:58:21 Step   61 | loss=-0.2469 | avg_loss=-0.2137 | tokens=2421 | queue=0
08:03:33 Step   62 | loss=-0.2774 | avg_loss=-0.2148 | tokens=1944 | queue=0
08:08:43 Step   63 | loss=-0.1382 | avg_loss=-0.2135 | tokens=2408 | queue=0
08:13:52 Step   64 | loss=-0.1775 | avg_loss=-0.2130 | tokens=2408 | queue=0
08:19:02 Step   65 | loss=-0.2071 | avg_loss=-0.2129 | tokens=2409 | queue=0
08:24:15 Step   66 | loss=-0.1581 | avg_loss=-0.2121 | tokens=2437 | queue=0
08:29:22 Step   67 | loss=-0.1572 | avg_loss=-0.2112 | tokens=2408 | queue=0
08:34:33 Step   68 | loss=-0.4465 | avg_loss=-0.2147 | tokens=1924 | queue=0
08:39:43 Step   69 | loss=-0.1643 | avg_loss=-0.2140 | tokens=3016 | queue=0
08:44:56 Step   70 | loss=-0.2404 | avg_loss=-0.2143 | tokens=2747 | queue=0
08:50:05 Step   71 | loss=-0.2089 | avg_loss=-0.2143 | tokens=2403 | queue=0
08:55:14 Step   72 | loss=-0.1415 | avg_loss=-0.2133 | tokens=2174 | queue=1
09:00:22 Step   73 | loss=-0.2026 | avg_loss=-0.2131 | tokens=2425 | queue=0
09:05:31 Step   74 | loss=-0.2526 | avg_loss=-0.2136 | tokens=2436 | queue=0
09:10:41 Step   75 | loss=-0.2241 | avg_loss=-0.2138 | tokens=2424 | queue=0
09:15:52 Step   76 | loss=-0.2248 | avg_loss=-0.2139 | tokens=2412 | queue=0
09:21:00 Step   77 | loss=-0.1704 | avg_loss=-0.2134 | tokens=2408 | queue=0
09:26:10 Step   78 | loss=-0.0910 | avg_loss=-0.2118 | tokens=2408 | queue=0
09:31:22 Step   79 | loss=-0.2137 | avg_loss=-0.2118 | tokens=2429 | queue=0
09:36:30 Step   80 | loss=-0.2261 | avg_loss=-0.2120 | tokens=2439 | queue=0
09:41:40 Step   81 | loss=-0.2033 | avg_loss=-0.2119 | tokens=2415 | queue=0
09:46:50 Step   82 | loss=-0.1458 | avg_loss=-0.2111 | tokens=2479 | queue=0
09:51:59 Step   83 | loss=-0.1464 | avg_loss=-0.2103 | tokens=2408 | queue=0
09:57:07 Step   84 | loss=-0.3067 | avg_loss=-0.2115 | tokens=2453 | queue=0
10:02:15 Step   85 | loss=-0.1143 | avg_loss=-0.2103 | tokens=2408 | queue=0
10:07:27 Step   86 | loss=-0.2369 | avg_loss=-0.2106 | tokens=2434 | queue=0
10:12:40 Step   87 | loss=-0.2859 | avg_loss=-0.2115 | tokens=2419 | queue=0
10:17:50 Step   88 | loss=-0.1233 | avg_loss=-0.2105 | tokens=2416 | queue=0
10:22:59 Step   89 | loss=-0.5006 | avg_loss=-0.2137 | tokens=1895 | queue=0
10:28:10 Step   90 | loss=-0.5013 | avg_loss=-0.2169 | tokens=1891 | queue=0
10:33:19 Step   91 | loss=-0.4304 | avg_loss=-0.2193 | tokens=1869 | queue=0
10:38:34 Step   92 | loss=-0.1582 | avg_loss=-0.2186 | tokens=3010 | queue=0
10:43:46 Step   93 | loss=-0.2394 | avg_loss=-0.2188 | tokens=2731 | queue=0
10:48:53 Step   94 | loss=0.0315 | avg_loss=-0.2162 | tokens=2239 | queue=0
10:54:03 Step   95 | loss=-0.2341 | avg_loss=-0.2164 | tokens=2410 | queue=0
10:59:14 Step   96 | loss=-0.2434 | avg_loss=-0.2167 | tokens=2451 | queue=0
11:04:21 Step   97 | loss=-0.1929 | avg_loss=-0.2164 | tokens=2159 | queue=0
11:09:32 Step   98 | loss=-0.1929 | avg_loss=-0.2162 | tokens=2408 | queue=0
11:14:41 Step   99 | loss=-0.2003 | avg_loss=-0.2160 | tokens=2421 | queue=0
11:19:50 Step  100 | loss=-0.1033 | avg_loss=-0.2149 | tokens=2408 | queue=0
11:25:05 Step  101 | loss=-0.2314 | avg_loss=-0.2150 | tokens=3023 | queue=0
11:30:14 Step  102 | loss=-0.3690 | avg_loss=-0.2166 | tokens=2477 | queue=0
11:35:22 Step  103 | loss=-0.3369 | avg_loss=-0.2177 | tokens=1874 | queue=0
11:40:33 Step  104 | loss=-0.2398 | avg_loss=-0.2179 | tokens=2543 | queue=0
11:45:42 Step  105 | loss=-0.0747 | avg_loss=-0.2166 | tokens=2408 | queue=0
11:50:54 Step  106 | loss=-0.2380 | avg_loss=-0.2168 | tokens=2464 | queue=0
11:56:04 Step  107 | loss=-0.3770 | avg_loss=-0.2183 | tokens=2078 | queue=0
12:01:13 Step  108 | loss=-0.2371 | avg_loss=-0.2184 | tokens=1941 | queue=0
12:06:23 Step  109 | loss=-0.2651 | avg_loss=-0.2189 | tokens=2408 | queue=0
12:11:31 Step  110 | loss=-0.2623 | avg_loss=-0.2193 | tokens=2386 | queue=0
12:16:44 Step  111 | loss=-0.1825 | avg_loss=-0.2189 | tokens=2397 | queue=0
12:21:54 Step  112 | loss=-0.2656 | avg_loss=-0.2194 | tokens=2473 | queue=0
12:27:06 Step  113 | loss=-0.2293 | avg_loss=-0.2194 | tokens=2486 | queue=0
12:32:17 Step  114 | loss=-0.2106 | avg_loss=-0.2194 | tokens=2908 | queue=0
12:37:25 Step  115 | loss=-0.2471 | avg_loss=-0.2196 | tokens=1813 | queue=0
12:42:37 Step  116 | loss=-0.2216 | avg_loss=-0.2196 | tokens=2885 | queue=0
12:47:46 Step  117 | loss=-0.2043 | avg_loss=-0.2195 | tokens=2424 | queue=0
12:52:55 Step  118 | loss=-0.2637 | avg_loss=-0.2199 | tokens=2422 | queue=0
12:58:04 Step  119 | loss=-0.2402 | avg_loss=-0.2200 | tokens=2410 | queue=0
13:03:15 Step  120 | loss=-0.2242 | avg_loss=-0.2201 | tokens=2419 | queue=0
13:08:23 Step  121 | loss=-0.3052 | avg_loss=-0.2208 | tokens=2426 | queue=1
13:13:33 Step  122 | loss=-0.2166 | avg_loss=-0.2207 | tokens=2412 | queue=0
13:18:44 Step  123 | loss=-0.2419 | avg_loss=-0.2209 | tokens=2426 | queue=0
13:23:55 Step  124 | loss=-0.3551 | avg_loss=-0.2220 | tokens=2453 | queue=1
13:29:04 Step  125 | loss=-0.3959 | avg_loss=-0.2234 | tokens=1921 | queue=0
13:34:13 Step  126 | loss=-0.2729 | avg_loss=-0.2238 | tokens=2415 | queue=0
13:39:27 Step  127 | loss=-0.3349 | avg_loss=-0.2247 | tokens=2455 | queue=0
13:44:35 Step  128 | loss=-0.3432 | avg_loss=-0.2256 | tokens=2169 | queue=0
13:49:45 Step  129 | loss=-0.3108 | avg_loss=-0.2262 | tokens=2438 | queue=0
13:54:53 Step  130 | loss=-0.1432 | avg_loss=-0.2256 | tokens=2411 | queue=0
14:00:02 Step  131 | loss=-0.1891 | avg_loss=-0.2253 | tokens=2408 | queue=0
14:05:15 Step  132 | loss=-0.2473 | avg_loss=-0.2255 | tokens=2739 | queue=0
14:10:26 Step  133 | loss=-0.2722 | avg_loss=-0.2258 | tokens=2427 | queue=1
14:15:38 Step  134 | loss=-0.3638 | avg_loss=-0.2269 | tokens=2427 | queue=0
14:20:47 Step  135 | loss=-0.2961 | avg_loss=-0.2274 | tokens=2172 | queue=1
14:25:58 Step  136 | loss=-0.2239 | avg_loss=-0.2274 | tokens=2423 | queue=0
14:31:10 Step  137 | loss=-0.2502 | avg_loss=-0.2275 | tokens=2604 | queue=0
14:36:24 Step  138 | loss=-0.3991 | avg_loss=-0.2288 | tokens=2443 | queue=1
14:41:33 Step  139 | loss=-0.2636 | avg_loss=-0.2290 | tokens=2419 | queue=0
14:46:44 Step  140 | loss=-0.2053 | avg_loss=-0.2288 | tokens=3010 | queue=0
14:51:55 Step  141 | loss=-0.2589 | avg_loss=-0.2291 | tokens=1976 | queue=0
14:57:06 Step  142 | loss=-0.2920 | avg_loss=-0.2295 | tokens=2463 | queue=0
15:02:16 Step  143 | loss=-0.3044 | avg_loss=-0.2300 | tokens=2437 | queue=0
15:07:24 Step  144 | loss=-0.2551 | avg_loss=-0.2302 | tokens=2410 | queue=0
15:12:34 Step  145 | loss=-0.2251 | avg_loss=-0.2302 | tokens=1820 | queue=0
15:17:47 Step  146 | loss=-0.3489 | avg_loss=-0.2310 | tokens=2455 | queue=0
15:22:58 Step  147 | loss=-0.3435 | avg_loss=-0.2317 | tokens=2458 | queue=0
15:28:09 Step  148 | loss=-0.4274 | avg_loss=-0.2331 | tokens=1979 | queue=0
15:33:20 Step  149 | loss=-0.2427 | avg_loss=-0.2331 | tokens=2412 | queue=0
15:38:29 Step  150 | loss=-0.3913 | avg_loss=-0.2342 | tokens=2065 | queue=0
15:43:38 Step  151 | loss=-0.2979 | avg_loss=-0.2346 | tokens=2423 | queue=0
15:48:49 Step  152 | loss=-0.2553 | avg_loss=-0.2347 | tokens=2436 | queue=0
15:54:02 Step  153 | loss=-0.3663 | avg_loss=-0.2356 | tokens=2215 | queue=0
15:59:14 Step  154 | loss=-0.3827 | avg_loss=-0.2366 | tokens=2464 | queue=0
16:04:25 Step  155 | loss=-0.3019 | avg_loss=-0.2370 | tokens=1831 | queue=1
16:09:36 Step  156 | loss=-0.1926 | avg_loss=-0.2367 | tokens=3010 | queue=0
16:14:48 Step  157 | loss=-0.3452 | avg_loss=-0.2374 | tokens=2427 | queue=0
16:19:55 Step  158 | loss=-0.3399 | avg_loss=-0.2380 | tokens=2408 | queue=0
16:25:09 Step  159 | loss=-0.3171 | avg_loss=-0.2385 | tokens=2428 | queue=0
16:30:18 Step  160 | loss=-0.2258 | avg_loss=-0.2385 | tokens=2407 | queue=0
16:35:29 Step  161 | loss=-0.4158 | avg_loss=-0.2396 | tokens=2448 | queue=0
16:40:37 Step  162 | loss=-0.1876 | avg_loss=-0.2392 | tokens=2408 | queue=0
16:45:48 Step  163 | loss=-0.3146 | avg_loss=-0.2397 | tokens=2429 | queue=0
16:50:58 Step  164 | loss=-0.2522 | avg_loss=-0.2398 | tokens=2420 | queue=0
16:56:05 Step  165 | loss=-0.3142 | avg_loss=-0.2402 | tokens=1866 | queue=0
17:01:15 Step  166 | loss=-0.2556 | avg_loss=-0.2403 | tokens=2408 | queue=1
17:06:27 Step  167 | loss=-0.2304 | avg_loss=-0.2403 | tokens=3010 | queue=0
17:11:36 Step  168 | loss=-0.4743 | avg_loss=-0.2416 | tokens=2245 | queue=0
17:16:48 Step  169 | loss=-0.2576 | avg_loss=-0.2417 | tokens=2403 | queue=0
17:21:56 Step  170 | loss=-0.3078 | avg_loss=-0.2421 | tokens=3010 | queue=0
17:27:08 Step  171 | loss=-0.2395 | avg_loss=-0.2421 | tokens=2408 | queue=2
17:32:20 Step  172 | loss=-0.5793 | avg_loss=-0.2441 | tokens=1882 | queue=0
17:37:34 Step  173 | loss=-0.5731 | avg_loss=-0.2460 | tokens=2554 | queue=0
17:42:45 Step  174 | loss=-0.1438 | avg_loss=-0.2454 | tokens=2407 | queue=0
17:47:59 Step  175 | loss=-0.6630 | avg_loss=-0.2478 | tokens=2572 | queue=0
17:53:12 Step  176 | loss=-0.2424 | avg_loss=-0.2477 | tokens=2410 | queue=0
17:58:21 Step  177 | loss=-0.2993 | avg_loss=-0.2480 | tokens=2449 | queue=0
18:03:32 Step  178 | loss=-0.3975 | avg_loss=-0.2489 | tokens=2465 | queue=0
18:08:41 Step  179 | loss=-0.5401 | avg_loss=-0.2505 | tokens=1839 | queue=0
18:13:53 Step  180 | loss=-0.2135 | avg_loss=-0.2503 | tokens=3010 | queue=0
18:19:03 Step  181 | loss=-0.3437 | avg_loss=-0.2508 | tokens=2430 | queue=0
18:24:12 Step  182 | loss=-0.2562 | avg_loss=-0.2508 | tokens=2408 | queue=0
18:29:22 Step  183 | loss=-0.3495 | avg_loss=-0.2514 | tokens=2840 | queue=0
18:34:36 Step  184 | loss=-0.1381 | avg_loss=-0.2508 | tokens=3010 | queue=0
18:39:48 Step  185 | loss=-0.4762 | avg_loss=-0.2520 | tokens=1841 | queue=0
18:44:59 Step  186 | loss=-0.3698 | avg_loss=-0.2526 | tokens=2423 | queue=0
18:50:07 Step  187 | loss=-0.4714 | avg_loss=-0.2538 | tokens=1877 | queue=0
18:55:14 Step  188 | loss=-0.1969 | avg_loss=-0.2535 | tokens=2408 | queue=0
19:00:23 Step  189 | loss=-0.3607 | avg_loss=-0.2541 | tokens=2421 | queue=0
19:05:31 Step  190 | loss=-0.1832 | avg_loss=-0.2537 | tokens=2407 | queue=0
19:10:42 Step  191 | loss=-0.1766 | avg_loss=-0.2533 | tokens=2410 | queue=0
19:15:54 Step  192 | loss=-0.3712 | avg_loss=-0.2539 | tokens=2430 | queue=1
19:21:04 Step  193 | loss=-0.3081 | avg_loss=-0.2542 | tokens=2566 | queue=0
19:26:16 Step  194 | loss=-0.2394 | avg_loss=-0.2541 | tokens=2670 | queue=0
19:31:26 Step  195 | loss=-0.3748 | avg_loss=-0.2547 | tokens=1820 | queue=0
19:36:38 Step  196 | loss=-0.3260 | avg_loss=-0.2551 | tokens=2422 | queue=2
19:41:51 Step  197 | loss=-0.5160 | avg_loss=-0.2564 | tokens=2426 | queue=0
19:47:01 Step  198 | loss=-0.3281 | avg_loss=-0.2568 | tokens=3033 | queue=0
19:52:12 Step  199 | loss=-0.1913 | avg_loss=-0.2564 | tokens=2408 | queue=0
19:57:23 Step  200 | loss=-0.3033 | avg_loss=-0.2567 | tokens=2438 | queue=0
20:02:32 Step  201 | loss=-0.2108 | avg_loss=-0.2564 | tokens=2408 | queue=0
20:07:41 Step  202 | loss=-0.5396 | avg_loss=-0.2578 | tokens=2430 | queue=0
20:12:54 Step  203 | loss=-0.3139 | avg_loss=-0.2581 | tokens=3053 | queue=0
20:18:03 Step  204 | loss=-0.3738 | avg_loss=-0.2587 | tokens=2445 | queue=0
20:23:13 Step  205 | loss=-0.1667 | avg_loss=-0.2582 | tokens=2408 | queue=0
20:28:23 Step  206 | loss=-0.5759 | avg_loss=-0.2598 | tokens=1907 | queue=2
20:33:33 Step  207 | loss=-0.3438 | avg_loss=-0.2602 | tokens=3024 | queue=0
20:38:44 Step  208 | loss=-0.8672 | avg_loss=-0.2631 | tokens=1920 | queue=0
20:43:55 Step  209 | loss=-0.7885 | avg_loss=-0.2656 | tokens=1906 | queue=0
20:49:05 Step  210 | loss=-0.4640 | avg_loss=-0.2666 | tokens=1556 | queue=1
20:54:20 Step  211 | loss=-0.4586 | avg_loss=-0.2675 | tokens=3039 | queue=0
20:59:31 Step  212 | loss=-0.4559 | avg_loss=-0.2684 | tokens=1832 | queue=0
21:04:43 Step  213 | loss=-0.3064 | avg_loss=-0.2685 | tokens=3040 | queue=0
21:09:51 Step  214 | loss=-0.3364 | avg_loss=-0.2689 | tokens=2410 | queue=0
21:15:01 Step  215 | loss=-0.2116 | avg_loss=-0.2686 | tokens=2408 | queue=0
21:20:12 Step  216 | loss=-0.3032 | avg_loss=-0.2688 | tokens=2402 | queue=0
21:25:20 Step  217 | loss=-0.4509 | avg_loss=-0.2696 | tokens=2419 | queue=0
21:30:34 Step  218 | loss=-0.5399 | avg_loss=-0.2708 | tokens=2730 | queue=0
21:35:47 Step  219 | loss=-0.4486 | avg_loss=-0.2716 | tokens=2467 | queue=0
21:40:54 Step  220 | loss=-0.2561 | avg_loss=-0.2716 | tokens=2408 | queue=0
21:46:04 Step  221 | loss=-0.3558 | avg_loss=-0.2720 | tokens=2627 | queue=1
21:51:11 Step  222 | loss=-0.4535 | avg_loss=-0.2728 | tokens=1838 | queue=0
21:56:20 Step  223 | loss=-0.5283 | avg_loss=-0.2739 | tokens=1920 | queue=0
22:01:30 Step  224 | loss=-0.4620 | avg_loss=-0.2748 | tokens=3022 | queue=0
22:06:39 Step  225 | loss=-0.2551 | avg_loss=-0.2747 | tokens=2175 | queue=0
22:11:50 Step  226 | loss=-0.4328 | avg_loss=-0.2754 | tokens=2648 | queue=1
22:16:59 Step  227 | loss=-0.3810 | avg_loss=-0.2758 | tokens=1968 | queue=0
22:22:08 Step  228 | loss=-0.3807 | avg_loss=-0.2763 | tokens=2410 | queue=1
22:27:23 Step  229 | loss=-0.6400 | avg_loss=-0.2779 | tokens=2486 | queue=0
22:32:32 Step  230 | loss=-0.4761 | avg_loss=-0.2787 | tokens=2022 | queue=0
22:37:44 Step  231 | loss=-0.2651 | avg_loss=-0.2787 | tokens=3009 | queue=0
22:42:53 Step  232 | loss=-0.3301 | avg_loss=-0.2789 | tokens=2408 | queue=0
22:48:01 Step  233 | loss=-0.4880 | avg_loss=-0.2798 | tokens=1871 | queue=1
22:53:14 Step  234 | loss=-0.3950 | avg_loss=-0.2803 | tokens=3009 | queue=0
22:58:25 Step  235 | loss=-0.3882 | avg_loss=-0.2808 | tokens=1852 | queue=1
23:03:39 Step  236 | loss=-0.6205 | avg_loss=-0.2822 | tokens=2953 | queue=0
23:08:47 Step  237 | loss=-0.4616 | avg_loss=-0.2830 | tokens=1813 | queue=0
23:13:58 Step  238 | loss=-0.7224 | avg_loss=-0.2848 | tokens=2510 | queue=0
23:19:07 Step  239 | loss=-0.3511 | avg_loss=-0.2851 | tokens=2408 | queue=0
23:24:15 Step  240 | loss=-0.3302 | avg_loss=-0.2853 | tokens=3010 | queue=0
23:29:27 Step  241 | loss=-0.4975 | avg_loss=-0.2861 | tokens=2431 | queue=0
23:34:39 Step  242 | loss=-0.4896 | avg_loss=-0.2870 | tokens=2450 | queue=0
23:39:53 Step  243 | loss=-0.3859 | avg_loss=-0.2874 | tokens=2873 | queue=0
23:45:03 Step  244 | loss=-0.4579 | avg_loss=-0.2881 | tokens=3010 | queue=0
23:50:12 Step  245 | loss=-0.3573 | avg_loss=-0.2884 | tokens=2426 | queue=0
23:55:25 Step  246 | loss=-0.4235 | avg_loss=-0.2889 | tokens=2410 | queue=0
00:00:38 Step  247 | loss=-0.4307 | avg_loss=-0.2895 | tokens=3025 | queue=0
00:05:47 Step  248 | loss=0.8117 | avg_loss=-0.2851 | tokens=1526 | queue=0
00:10:57 Step  249 | loss=-0.3871 | avg_loss=-0.2855 | tokens=2444 | queue=0
00:16:06 Step  250 | loss=-0.4358 | avg_loss=-0.2861 | tokens=2418 | queue=0
00:21:19 Step  251 | loss=-0.4110 | avg_loss=-0.2866 | tokens=3030 | queue=0
00:26:31 Step  252 | loss=-0.3275 | avg_loss=-0.2867 | tokens=2406 | queue=0
00:31:40 Step  253 | loss=-0.5030 | avg_loss=-0.2876 | tokens=2506 | queue=0
00:36:50 Step  254 | loss=-0.3059 | avg_loss=-0.2877 | tokens=2408 | queue=0
00:41:59 Step  255 | loss=-0.3429 | avg_loss=-0.2879 | tokens=2408 | queue=0
00:47:12 Step  256 | loss=-0.4628 | avg_loss=-0.2886 | tokens=2435 | queue=0
00:52:24 Step  257 | loss=-0.3221 | avg_loss=-0.2887 | tokens=3012 | queue=0
00:57:37 Step  258 | loss=-0.5648 | avg_loss=-0.2898 | tokens=2436 | queue=0
01:02:49 Step  259 | loss=-0.3803 | avg_loss=-0.2901 | tokens=2810 | queue=0
01:08:01 Step  260 | loss=-0.4296 | avg_loss=-0.2906 | tokens=2413 | queue=0
01:13:08 Step  261 | loss=-0.3490 | avg_loss=-0.2909 | tokens=2415 | queue=0
01:18:17 Step  262 | loss=-0.5682 | avg_loss=-0.2919 | tokens=2745 | queue=0
01:23:27 Step  263 | loss=-0.5425 | avg_loss=-0.2929 | tokens=1852 | queue=0
01:28:38 Step  264 | loss=-0.7799 | avg_loss=-0.2947 | tokens=2187 | queue=1
01:33:46 Step  265 | loss=-0.3523 | avg_loss=-0.2949 | tokens=2407 | queue=1
01:38:55 Step  266 | loss=-0.3653 | avg_loss=-0.2952 | tokens=2411 | queue=0
01:44:03 Step  267 | loss=-0.2851 | avg_loss=-0.2952 | tokens=2408 | queue=1
01:49:16 Step  268 | loss=-0.4058 | avg_loss=-0.2956 | tokens=2420 | queue=1
01:54:27 Step  269 | loss=-0.3133 | avg_loss=-0.2956 | tokens=3022 | queue=0
01:59:38 Step  270 | loss=-0.4766 | avg_loss=-0.2963 | tokens=2408 | queue=0
02:04:47 Step  271 | loss=-0.3959 | avg_loss=-0.2967 | tokens=2427 | queue=0
02:09:55 Step  272 | loss=-0.8686 | avg_loss=-0.2988 | tokens=1905 | queue=0
02:15:05 Step  273 | loss=-0.4492 | avg_loss=-0.2993 | tokens=2438 | queue=0
02:20:16 Step  274 | loss=-0.5666 | avg_loss=-0.3003 | tokens=2151 | queue=1
02:25:26 Step  275 | loss=-0.3696 | avg_loss=-0.3006 | tokens=3041 | queue=0
02:30:35 Step  276 | loss=-0.5937 | avg_loss=-0.3016 | tokens=2398 | queue=0
02:35:47 Step  277 | loss=-1.0787 | avg_loss=-0.3044 | tokens=1960 | queue=0
02:41:00 Step  278 | loss=-0.4178 | avg_loss=-0.3048 | tokens=2529 | queue=0
02:46:11 Step  279 | loss=-1.1315 | avg_loss=-0.3078 | tokens=1869 | queue=0
02:51:26 Step  280 | loss=-0.3307 | avg_loss=-0.3079 | tokens=3223 | queue=0
02:56:34 Step  281 | loss=-0.4420 | avg_loss=-0.3084 | tokens=2369 | queue=0
03:01:45 Step  282 | loss=-0.6978 | avg_loss=-0.3097 | tokens=2437 | queue=0
03:06:52 Step  283 | loss=-0.5435 | avg_loss=-0.3106 | tokens=2071 | queue=0
03:12:03 Step  284 | loss=-0.4381 | avg_loss=-0.3110 | tokens=2268 | queue=0
03:17:15 Step  285 | loss=-0.9201 | avg_loss=-0.3132 | tokens=1852 | queue=0
03:22:28 Step  286 | loss=-0.5011 | avg_loss=-0.3138 | tokens=2474 | queue=0
03:27:37 Step  287 | loss=-0.3999 | avg_loss=-0.3141 | tokens=2407 | queue=0
03:32:50 Step  288 | loss=-0.5413 | avg_loss=-0.3149 | tokens=3083 | queue=0
03:38:01 Step  289 | loss=-0.4179 | avg_loss=-0.3153 | tokens=3010 | queue=0
03:43:13 Step  290 | loss=-0.6809 | avg_loss=-0.3165 | tokens=2592 | queue=0
03:48:25 Step  291 | loss=-0.4111 | avg_loss=-0.3168 | tokens=2418 | queue=0
03:53:37 Step  292 | loss=-0.7572 | avg_loss=-0.3184 | tokens=1964 | queue=0
03:58:45 Step  293 | loss=-0.7088 | avg_loss=-0.3197 | tokens=2421 | queue=0
04:03:54 Step  294 | loss=-0.4461 | avg_loss=-0.3201 | tokens=2437 | queue=0
04:09:04 Step  295 | loss=-0.5873 | avg_loss=-0.3210 | tokens=2220 | queue=0
04:14:14 Step  296 | loss=-0.4261 | avg_loss=-0.3214 | tokens=3010 | queue=0
04:19:23 Step  297 | loss=-0.4742 | avg_loss=-0.3219 | tokens=2410 | queue=2
04:24:33 Step  298 | loss=-0.6788 | avg_loss=-0.3231 | tokens=2601 | queue=0
04:29:43 Step  299 | loss=-0.7126 | avg_loss=-0.3244 | tokens=1823 | queue=0
04:34:54 Step  300 | loss=-0.9889 | avg_loss=-0.3266 | tokens=2200 | queue=0
04:40:07 Step  301 | loss=-0.5861 | avg_loss=-0.3275 | tokens=2421 | queue=0
04:45:19 Step  302 | loss=-0.5451 | avg_loss=-0.3282 | tokens=2428 | queue=0
04:50:28 Step  303 | loss=-0.5695 | avg_loss=-0.3290 | tokens=2408 | queue=1
04:55:41 Step  304 | loss=-0.6872 | avg_loss=-0.3302 | tokens=2451 | queue=1
05:00:51 Step  305 | loss=-0.8319 | avg_loss=-0.3318 | tokens=2153 | queue=1
05:06:02 Step  306 | loss=-0.7452 | avg_loss=-0.3332 | tokens=2570 | queue=0
05:11:10 Step  307 | loss=-0.3002 | avg_loss=-0.3331 | tokens=2408 | queue=1
05:16:20 Step  308 | loss=-0.7343 | avg_loss=-0.3344 | tokens=1820 | queue=0
05:21:32 Step  309 | loss=-0.6108 | avg_loss=-0.3352 | tokens=2452 | queue=0
05:26:43 Step  310 | loss=-0.5680 | avg_loss=-0.3360 | tokens=3236 | queue=0
05:31:53 Step  311 | loss=-0.7560 | avg_loss=-0.3373 | tokens=2361 | queue=0
05:37:01 Step  312 | loss=-0.8701 | avg_loss=-0.3391 | tokens=1877 | queue=0
05:42:13 Step  313 | loss=-0.9847 | avg_loss=-0.3411 | tokens=2238 | queue=0
05:47:26 Step  314 | loss=-0.6441 | avg_loss=-0.3421 | tokens=2442 | queue=0
05:52:38 Step  315 | loss=-0.4191 | avg_loss=-0.3423 | tokens=3012 | queue=0
05:57:48 Step  316 | loss=-0.3501 | avg_loss=-0.3424 | tokens=2413 | queue=0
06:02:58 Step  317 | loss=-0.5970 | avg_loss=-0.3432 | tokens=2404 | queue=0
06:08:10 Step  318 | loss=-0.5322 | avg_loss=-0.3438 | tokens=2406 | queue=0
06:13:18 Step  319 | loss=-0.3554 | avg_loss=-0.3438 | tokens=2407 | queue=0
06:18:28 Step  320 | loss=-0.4895 | avg_loss=-0.3442 | tokens=2431 | queue=0
06:23:41 Step  321 | loss=-0.6092 | avg_loss=-0.3451 | tokens=2424 | queue=1
06:28:55 Step  322 | loss=-0.4839 | avg_loss=-0.3455 | tokens=3017 | queue=0
06:34:04 Step  323 | loss=-0.7833 | avg_loss=-0.3469 | tokens=2105 | queue=0
06:39:13 Step  324 | loss=-0.6347 | avg_loss=-0.3477 | tokens=3010 | queue=0
06:44:20 Step  325 | loss=-0.7020 | avg_loss=-0.3488 | tokens=2213 | queue=0
06:49:32 Step  326 | loss=-0.6648 | avg_loss=-0.3498 | tokens=2435 | queue=0
06:54:44 Step  327 | loss=-0.3637 | avg_loss=-0.3498 | tokens=2408 | queue=0
06:59:54 Step  328 | loss=-0.6889 | avg_loss=-0.3509 | tokens=2630 | queue=0
07:05:04 Step  329 | loss=-0.5342 | avg_loss=-0.3514 | tokens=2470 | queue=0
07:10:12 Step  330 | loss=-0.5194 | avg_loss=-0.3519 | tokens=2481 | queue=0
07:15:21 Step  331 | loss=-0.5059 | avg_loss=-0.3524 | tokens=2408 | queue=0
07:20:33 Step  332 | loss=-0.4693 | avg_loss=-0.3528 | tokens=2422 | queue=0
07:25:44 Step  333 | loss=-0.6049 | avg_loss=-0.3535 | tokens=2451 | queue=0
07:30:54 Step  334 | loss=-0.6007 | avg_loss=-0.3543 | tokens=2451 | queue=0
07:36:02 Step  335 | loss=-0.8045 | avg_loss=-0.3556 | tokens=1884 | queue=0
07:41:14 Step  336 | loss=-0.5658 | avg_loss=-0.3562 | tokens=2466 | queue=0
07:46:25 Step  337 | loss=-0.6778 | avg_loss=-0.3572 | tokens=2446 | queue=0
07:51:33 Step  338 | loss=-0.1799 | avg_loss=-0.3567 | tokens=2417 | queue=0
07:56:42 Step  339 | loss=-0.8546 | avg_loss=-0.3581 | tokens=2495 | queue=0
08:01:52 Step  340 | loss=-0.8280 | avg_loss=-0.3595 | tokens=1830 | queue=0
08:07:03 Step  341 | loss=-0.7699 | avg_loss=-0.3607 | tokens=3020 | queue=0
08:12:11 Step  342 | loss=-0.7096 | avg_loss=-0.3617 | tokens=2250 | queue=0
08:17:23 Step  343 | loss=-0.8592 | avg_loss=-0.3632 | tokens=2449 | queue=0
08:22:36 Step  344 | loss=-0.6680 | avg_loss=-0.3641 | tokens=2385 | queue=0
08:27:45 Step  345 | loss=-0.5426 | avg_loss=-0.3646 | tokens=2756 | queue=0
08:32:53 Step  346 | loss=-0.9058 | avg_loss=-0.3662 | tokens=1929 | queue=1
08:35:25 Step  347 | loss=-0.6226 | avg_loss=-0.3669 | tokens=1806 | queue=0
